<?xml version="1.0" encoding="UTF-8" ?>
<testsuites>
  <testsuite errors="0" failures="1" hostname="Raki" id="0" name="MidtermExamTest" package="" skipped="0" tests="3" time="0.25" timestamp="2021-11-09T03:30:37">
      <properties>
[...]
</properties>

      <testcase classname="MidtermExamTest" name="sortArray2" time="0.047">
          <failure message="Should have thrown an exception" type="junit.framework.AssertionFailedError">junit.framework.AssertionFailedError: Should have thrown an exception
	at MidtermExamTest.sortArray2(Unknown Source)
	at java.base/jdk.internal.reflect.NativeMethodAccessorImpl.invoke0(Native Method)
	at java.base/jdk.internal.reflect.NativeMethodAccessorImpl.invoke(NativeMethodAccessorImpl.java:78)
	at java.base/jdk.internal.reflect.DelegatingMethodAccessorImpl.invoke(DelegatingMethodAccessorImpl.java:43)
	at jdk.internal.reflect.GeneratedMethodAccessor4.invoke(Unknown Source)
	at java.base/jdk.internal.reflect.DelegatingMethodAccessorImpl.invoke(DelegatingMethodAccessorImpl.java:43)
</failure>

      </testcase>

      <testcase classname="MidtermExamTest" name="sortArray3" time="0.015" />

      <testcase classname="MidtermExamTest" name="sortArray" time="0.0" />

      <system-out><![CDATA[]]></system-out>

      <system-err><![CDATA[]]></system-err>

  </testsuite>
</testsuites>
