<?xml version="1.0" encoding="UTF-8" ?>
<testsuites>
  <testsuite errors="0" failures="0" hostname="heidi" id="0" name="SolutionsTest" package="" skipped="0" tests="13" time="0.047" timestamp="2021-11-01T16:07:02">
      <properties>
[...]
</properties>

      <testcase classname="SolutionsTest" name="dislikeOfThrees" time="0.0" />

      <testcase classname="SolutionsTest" name="helpFarAwayKingdom" time="0.016" />

      <testcase classname="SolutionsTest" name="splits" time="0.0" />

      <testcase classname="SolutionsTest" name="luckyTicket" time="0.0" />

      <testcase classname="SolutionsTest" name="elections" time="0.0" />

      <testcase classname="SolutionsTest" name="aNewPassword" time="0.0" />

      <testcase classname="SolutionsTest" name="theMiracleAndTheSleeper" time="0.0" />

      <testcase classname="SolutionsTest" name="theSumOf2050" time="0.0" />

      <testcase classname="SolutionsTest" name="main" time="0.0" />

      <testcase classname="SolutionsTest" name="passwordCheck" time="0.0" />

      <testcase classname="SolutionsTest" name="spyDetected" time="0.0" />

      <testcase classname="SolutionsTest" name="boyOrGirl" time="0.0" />

      <testcase classname="SolutionsTest" name="watermelon" time="0.0" />

      <system-out><![CDATA[Dislike Of Threes Method
1
Dislike Of Threes Method
2
Dislike Of Threes Method
4
Dislike Of Threes Method
5
Dislike Of Threes Method
7
Dislike Of Threes Method
8
Dislike Of Threes Method
10
Dislike Of Threes Method
11
Dislike Of Threes Method
14
Dislike Of Threes Method
1666
Help Far Away Kingdom Method
0
Help Far Away Kingdom Method
1
Help Far Away Kingdom Method
3
Help Far Away Kingdom Method
3
Help Far Away Kingdom Method
12345678
Help Far Away Kingdom Method
GOTO Vasilisa.
Splits Method
4
Splits Method
2
Splits Method
5
Splits Method
5
Splits Method
79
Lucky Ticket Method
NO
Lucky Ticket Method
NO
Lucky Ticket Method
NO
Lucky Ticket Method
YES
Lucky Ticket Method
YES
Elections Method
1 1 1
66 0 61
5 5 0
0 1001 1001
1000000001 0 1000000001
Elections Method
0 23 40
34 0 50
655 633 0
11 5 0
Elections Method
33 0 30
57 52 0
12 0 21
A New Password Method
abab
A New Password Method
abcde
A New Password Method
abcabc
A New Password Method
aa
A New Password Method
abcdabc
The Miracle and The Sleeper Method
0
1
12
499999999
The Miracle and The Sleeper Method
1
37737936
5
The Miracle and The Sleeper Method
3
43
12
499999999
44
The Miracle and The Sleeper Method
16
46
The Sum Of 2050 Method
-1
1
2
1
2
36
The Sum Of 2050 Method
-1
-1
The Sum Of 2050 Method
3
Password Check Method
Password check: 
Too weak
Password Check Method
Password check: 
Too weak
Password Check Method
Password check: 
Too weak
Password Check Method
Password check: 
Correct
Password Check Method
Password check: 
Correct
Spy Detected Method
2
1
5
3
Spy Detected Method
3
5
Spy Detected Method
3
1
Spy Detected Method
5
4
2
Boy Or Girl Method
IGNORE HIM!
Boy Or Girl Method
CHAT WITH HER!
Boy Or Girl Method
CHAT WITH HER!
Watermelon Method
NO
Watermelon Method
YES
Watermelon Method
NO
Watermelon Method
YES
Watermelon Method
NO
Watermelon Method
YES
Watermelon Method
NO
]]></system-out>

      <system-err><![CDATA[]]></system-err>

  </testsuite>
</testsuites>
